<?xml version="1.0" encoding="UTF-8"?>
<testng-results skipped="0" failed="1" ignored="0" total="1" passed="0">
  <reporter-output>
  </reporter-output>
  <suite name="Default suite" duration-ms="41181" started-at="2017-03-23T11:06:56Z" finished-at="2017-03-23T11:07:37Z">
    <groups>
    </groups>
    <test name="Default test" duration-ms="41181" started-at="2017-03-23T11:06:56Z" finished-at="2017-03-23T11:07:37Z">
      <class name="com.uat.TestCases.VerifyStartEndDateValidation">
        <test-method status="PASS" signature="checkAndInitialize()[pri:0, instance:com.uat.TestCases.VerifyStartEndDateValidation@6ba0ac]" name="checkAndInitialize" is-config="true" duration-ms="864" started-at="2017-03-23T16:36:56Z" finished-at="2017-03-23T16:36:57Z">
          <reporter-output>
          </reporter-output>
        </test-method> <!-- checkAndInitialize -->
        <test-method status="FAIL" signature="verifyStartEndDateValidation(java.lang.String, java.lang.String, java.lang.String, java.lang.String, java.lang.String, java.lang.String, java.lang.String, java.lang.String, java.lang.String)[pri:0, instance:com.uat.TestCases.VerifyStartEndDateValidation@6ba0ac]" name="verifyStartEndDateValidation" duration-ms="37986" started-at="2017-03-23T16:36:57Z" data-provider="getTestData" finished-at="2017-03-23T16:37:35Z">
          <params>
            <param index="0">
              <value>
                <![CDATA[Test Manager]]>
              </value>
            </param>
            <param index="1">
              <value>
                <![CDATA[UAT Automation Projects Suite]]>
              </value>
            </param>
            <param index="2">
              <value>
                <![CDATA[Project Create and Edit Portfolio]]>
              </value>
            </param>
            <param index="3">
              <value>
                <![CDATA[Verify Start End Date]]>
              </value>
            </param>
            <param index="4">
              <value>
                <![CDATA[1]]>
              </value>
            </param>
            <param index="5">
              <value>
                <![CDATA[1/6/2017]]>
              </value>
            </param>
            <param index="6">
              <value>
                <![CDATA[24/03/2017]]>
              </value>
            </param>
            <param index="7">
              <value>
                <![CDATA[Test User]]>
              </value>
            </param>
            <param index="8">
              <value>
                <![CDATA[End Dat should always be greater or equal to the Start Dat!]]>
              </value>
            </param>
          </params>
          <exception class="java.lang.NullPointerException">
            <full-stacktrace>
              <![CDATA[java.lang.NullPointerException
	at com.uat.pages.Projects.addGroup(Projects.java:63)
	at com.uat.pages.Projects.createNewProject(Projects.java:155)
	at com.uat.TestCases.VerifyStartEndDateValidation.verifyStartEndDateValidation(VerifyStartEndDateValidation.java:108)
	at sun.reflect.NativeMethodAccessorImpl.invoke0(Native Method)
	at sun.reflect.NativeMethodAccessorImpl.invoke(Unknown Source)
	at sun.reflect.DelegatingMethodAccessorImpl.invoke(Unknown Source)
	at java.lang.reflect.Method.invoke(Unknown Source)
	at org.testng.internal.MethodInvocationHelper.invokeMethod(MethodInvocationHelper.java:108)
	at org.testng.internal.Invoker.invokeMethod(Invoker.java:661)
	at org.testng.internal.Invoker.invokeTestMethod(Invoker.java:869)
	at org.testng.internal.Invoker.invokeTestMethods(Invoker.java:1193)
	at org.testng.internal.TestMethodWorker.invokeTestMethods(TestMethodWorker.java:126)
	at org.testng.internal.TestMethodWorker.run(TestMethodWorker.java:109)
	at org.testng.TestRunner.privateRun(TestRunner.java:744)
	at org.testng.TestRunner.run(TestRunner.java:602)
	at org.testng.SuiteRunner.runTest(SuiteRunner.java:380)
	at org.testng.SuiteRunner.runSequentially(SuiteRunner.java:375)
	at org.testng.SuiteRunner.privateRun(SuiteRunner.java:340)
	at org.testng.SuiteRunner.run(SuiteRunner.java:289)
	at org.testng.SuiteRunnerWorker.runSuite(SuiteRunnerWorker.java:52)
	at org.testng.SuiteRunnerWorker.run(SuiteRunnerWorker.java:86)
	at org.testng.TestNG.runSuitesSequentially(TestNG.java:1301)
	at org.testng.TestNG.runSuitesLocally(TestNG.java:1226)
	at org.testng.TestNG.runSuites(TestNG.java:1144)
	at org.testng.TestNG.run(TestNG.java:1115)
	at org.testng.remote.AbstractRemoteTestNG.run(AbstractRemoteTestNG.java:132)
	at org.testng.remote.RemoteTestNG.initAndRun(RemoteTestNG.java:236)
	at org.testng.remote.RemoteTestNG.main(RemoteTestNG.java:81)
]]>
            </full-stacktrace>
          </exception> <!-- java.lang.NullPointerException -->
          <reporter-output>
          </reporter-output>
        </test-method> <!-- verifyStartEndDateValidation -->
        <test-method status="PASS" signature="afterMethod(org.testng.ITestResult)[pri:0, instance:com.uat.TestCases.VerifyStartEndDateValidation@6ba0ac]" name="afterMethod" is-config="true" duration-ms="2246" started-at="2017-03-23T16:37:35Z" finished-at="2017-03-23T16:37:37Z">
          <params>
            <param index="0">
              <value>
                <![CDATA[[TestResult name=verifyStartEndDateValidation status=FAILURE method=VerifyStartEndDateValidation.verifyStartEndDateValidation(java.lang.String, java.lang.String, java.lang.String, java.lang.String, java.lang.String, java.lang.String, java.lang.String, java.lang.String, java.lang.String)[pri:0, instance:com.uat.TestCases.VerifyStartEndDateValidation@6ba0ac] output={null}]]]>
              </value>
            </param>
          </params>
          <reporter-output>
          </reporter-output>
        </test-method> <!-- afterMethod -->
        <test-method status="PASS" signature="reportTestResult()[pri:0, instance:com.uat.TestCases.VerifyStartEndDateValidation@6ba0ac]" name="reportTestResult" is-config="true" duration-ms="69" started-at="2017-03-23T16:37:37Z" finished-at="2017-03-23T16:37:37Z">
          <reporter-output>
          </reporter-output>
        </test-method> <!-- reportTestResult -->
      </class> <!-- com.uat.TestCases.VerifyStartEndDateValidation -->
    </test> <!-- Default test -->
  </suite> <!-- Default suite -->
</testng-results>
